***REMOVED***
  "test/annexB/built-ins/Function/createdynfn-html-close-comment-body.js-strict:true": "test/annexB/built-ins/Function/createdynfn-html-close-comment-body.js: SyntaxError: SyntaxError: <eval>: Line 4:3 Unexpected token > (and 3 more errors) <at omitted>",
  "test/annexB/built-ins/Function/createdynfn-html-close-comment-params.js-strict:true": "test/annexB/built-ins/Function/createdynfn-html-close-comment-params.js: SyntaxError: SyntaxError: <eval>: Line 2:1 Unexpected token -- (and 5 more errors) <at omitted>",
  "test/annexB/built-ins/Function/createdynfn-html-open-comment-body.js-strict:true": "test/annexB/built-ins/Function/createdynfn-html-open-comment-body.js: SyntaxError: SyntaxError: <eval>: Line 3:1 Unexpected token < (and 2 more errors) <at omitted>",
  "test/annexB/built-ins/Function/createdynfn-html-open-comment-params.js-strict:true": "test/annexB/built-ins/Function/createdynfn-html-open-comment-params.js: SyntaxError: SyntaxError: <eval>: Line 1:21 Unexpected token < (and 5 more errors) <at omitted>",
  "test/annexB/built-ins/Function/createdynfn-no-line-terminator-html-close-comment-body.js-strict:true": "test/annexB/built-ins/Function/createdynfn-no-line-terminator-html-close-comment-body.js: SyntaxError: SyntaxError: <eval>: Line 3:3 Unexpected token > (and 3 more errors) <at omitted>",
  "test/annexB/built-ins/RegExp/RegExp-leading-escape-BMP.js-strict:true": "test/annexB/built-ins/RegExp/RegExp-leading-escape-BMP.js: Test262Error: Code unit: d800 Expected SameValue(Â«\\\\\\ud800Â», Â«\\ï¿½Â») to be true <at omitted>",
  "test/annexB/built-ins/RegExp/RegExp-trailing-escape-BMP.js-strict:true": "test/annexB/built-ins/RegExp/RegExp-trailing-escape-BMP.js: Test262Error: Code unit: d800 Expected SameValue(Â«a\\\\\\ud800Â», Â«a\\ï¿½Â») to be true <at omitted>",
  "test/annexB/built-ins/RegExp/prototype/compile/pattern-string-invalid-u.js-strict:true": "test/annexB/built-ins/RegExp/prototype/compile/pattern-string-invalid-u.js: Test262Error: invalid pattern: ***REMOVED*** Expected a SyntaxError to be thrown but no exception was thrown at all <at omitted>",
  "test/built-ins/Date/UTC/fp-evaluation-order.js-strict:true": "test/built-ins/Date/UTC/fp-evaluation-order.js: Test262Error: order of operations / precision in MakeTime Expected SameValue(Â«29256Â», Â«29312Â») to be true <at omitted>",
  "test/built-ins/Function/internals/Construct/base-ctor-revoked-proxy.js-strict:true": "test/built-ins/Function/internals/Construct/base-ctor-revoked-proxy.js: Test262Error: Expected a TypeError to be thrown but no exception was thrown at all <at omitted>",
  "test/built-ins/Object/seal/seal-bigint64array.js-strict:true": "test/built-ins/Object/seal/seal-bigint64array.js: ReferenceError: BigInt64Array is not defined <at omitted>",
  "test/built-ins/Object/seal/seal-biguint64array.js-strict:true": "test/built-ins/Object/seal/seal-biguint64array.js: ReferenceError: BigUint64Array is not defined <at omitted>",
  "test/built-ins/Proxy/preventExtensions/trap-is-undefined-target-is-proxy.js-strict:true": "test/built-ins/Proxy/preventExtensions/trap-is-undefined-target-is-proxy.js: ReferenceError: require is not defined <at omitted>",
  "test/built-ins/Reflect/Symbol.toStringTag.js-strict:true": "test/built-ins/Reflect/Symbol.toStringTag.js: Test262Error: obj should have an own property Symbol(Symbol.toStringTag) <at omitted>",
  "test/built-ins/RegExp/quantifier-integer-limit.js-strict:true": "test/built-ins/RegExp/quantifier-integer-limit.js: SyntaxError: Invalid regular expression (re2): b***REMOVED***9007199254740991***REMOVED*** (error parsing regexp: invalid repeat count: `***REMOVED***9007199254740991***REMOVED***`) <at omitted>",
  "test/built-ins/RegExp/unicode_restricted_brackets.js-strict:true": "test/built-ins/RegExp/unicode_restricted_brackets.js: Test262Error: RegExp(\"]\", \"u\"):  Expected a SyntaxError to be thrown but no exception was thrown at all <at omitted>",
  "test/built-ins/RegExp/unicode_restricted_character_class_escape.js-strict:true": "test/built-ins/RegExp/unicode_restricted_character_class_escape.js: Test262Error: RegExp(\"[\\d-a]\", \"u\"):  Expected a SyntaxError to be thrown but no exception was thrown at all <at omitted>",
  "test/built-ins/RegExp/unicode_restricted_identity_escape.js-strict:true": "test/built-ins/RegExp/unicode_restricted_identity_escape.js: Test262Error: Invalid IdentityEscape in AtomEscape: '\\\u0000' Expected a SyntaxError to be thrown but no exception was thrown at all <at omitted>",
  "test/built-ins/RegExp/unicode_restricted_identity_escape_alpha.js-strict:true": "test/built-ins/RegExp/unicode_restricted_identity_escape_alpha.js: Test262Error: IdentityEscape in AtomEscape: 'A' Expected a SyntaxError to be thrown but no exception was thrown at all <at omitted>",
  "test/built-ins/RegExp/unicode_restricted_identity_escape_c.js-strict:true": "test/built-ins/RegExp/unicode_restricted_identity_escape_c.js: Test262Error: Expected a SyntaxError to be thrown but no exception was thrown at all <at omitted>",
  "test/built-ins/RegExp/unicode_restricted_identity_escape_u.js-strict:true": "test/built-ins/RegExp/unicode_restricted_identity_escape_u.js: Test262Error: RegExp(\"\\u\", \"u\"):  Expected a SyntaxError to be thrown but no exception was thrown at all <at omitted>",
  "test/built-ins/RegExp/unicode_restricted_identity_escape_x.js-strict:true": "test/built-ins/RegExp/unicode_restricted_identity_escape_x.js: Test262Error: RegExp(\"\\x\", \"u\"):  Expected a SyntaxError to be thrown but no exception was thrown at all <at omitted>",
  "test/built-ins/RegExp/unicode_restricted_incomplete_quantifier.js-strict:true": "test/built-ins/RegExp/unicode_restricted_incomplete_quantifier.js: Test262Error: RegExp(\"a***REMOVED***\", \"u\"):  Expected a SyntaxError to be thrown but no exception was thrown at all <at omitted>",
  "test/built-ins/RegExp/unicode_restricted_octal_escape.js-strict:true": "test/built-ins/RegExp/unicode_restricted_octal_escape.js: Test262Error: RegExp(\"\\1\", \"u\"):  Expected a SyntaxError to be thrown but no exception was thrown at all <at omitted>",
  "test/built-ins/RegExp/unicode_restricted_quantifiable_assertion.js-strict:true": "test/built-ins/RegExp/unicode_restricted_quantifiable_assertion.js: Test262Error: RegExp(\"(?=.)*\", \"u\"):  Expected a SyntaxError to be thrown but no exception was thrown at all <at omitted>",
  "test/built-ins/TypedArrayConstructors/BigUint64Array/is-a-constructor.js-strict:true": "test/built-ins/TypedArrayConstructors/BigUint64Array/is-a-constructor.js: ReferenceError: BigUint64Array is not defined <at omitted>",
  "test/language/destructuring/binding/syntax/destructuring-array-parameters-function-arguments-length.js-strict:true": "test/language/destructuring/binding/syntax/destructuring-array-parameters-function-arguments-length.js: SyntaxError: test/language/destructuring/binding/syntax/destructuring-array-parameters-function-arguments-length.js: Unexpected token (35:33)\n  33 | assert.sameValue((async ([a,b]) => ***REMOVED******REMOVED***).length, 1);\n  34 | assert.sameValue((async function([a,b]) ***REMOVED******REMOVED***).length, 1);\n> 35 | assert.sameValue((async function * ([a,b]) ***REMOVED******REMOVED***).length, 1);\n     |                                  ^\n  36 | \n  37 |  <at omitted>",
  "test/language/destructuring/binding/syntax/destructuring-object-parameters-function-arguments-length.js-strict:true": "test/language/destructuring/binding/syntax/destructuring-object-parameters-function-arguments-length.js: SyntaxError: test/language/destructuring/binding/syntax/destructuring-object-parameters-function-arguments-length.js: Unexpected token (35:33)\n  33 | assert.sameValue((async (***REMOVED***a,b***REMOVED***) => ***REMOVED******REMOVED***).length, 1);\n  34 | assert.sameValue((async function(***REMOVED***a,b***REMOVED***) ***REMOVED******REMOVED***).length, 1);\n> 35 | assert.sameValue((async function * (***REMOVED***a,b***REMOVED***) ***REMOVED******REMOVED***).length, 1);\n     |                                  ^\n  36 | \n  37 |  <at omitted>",
  "test/language/expressions/assignment/dstr/array-rest-before-elision.js-strict:true": "test/language/expressions/assignment/dstr/array-rest-before-elision.js: error is not an object (Test262: This statement should not be evaluated.)",
  "test/language/expressions/assignment/dstr/array-rest-elision-invalid.js-strict:true": "test/language/expressions/assignment/dstr/array-rest-elision-invalid.js: error is not an object (Test262: This statement should not be evaluated.)",
  "test/language/expressions/assignment/fn-name-lhs-cover.js-strict:true": "test/language/expressions/assignment/fn-name-lhs-cover.js: Test262Error: descriptor value should be  <at omitted>",
  "test/language/expressions/assignment/target-assignment-inside-function.js-strict:true": "test/language/expressions/assignment/target-assignment-inside-function.js: error is not an object (Test262: This statement should not be evaluated.)",
  "test/language/expressions/assignment/target-assignment.js-strict:true": "test/language/expressions/assignment/target-assignment.js: error is not an object (Test262: This statement should not be evaluated.)",
  "test/language/expressions/assignmenttargettype/direct-lefthandsideexpression-assignment-assignmentexpression-0.js-strict:true": "test/language/expressions/assignmenttargettype/direct-lefthandsideexpression-assignment-assignmentexpression-0.js: error is not an object (Test262: This statement should not be evaluated.)",
  "test/language/expressions/assignmenttargettype/parenthesized-lefthandsideexpression-assignment-assignmentexpression-0.js-strict:true": "test/language/expressions/assignmenttargettype/parenthesized-lefthandsideexpression-assignment-assignmentexpression-0.js: error is not an object (Test262: This statement should not be evaluated.)",
  "test/language/expressions/class/cpn-class-expr-accessors-computed-property-name-from-integer-separators.js-strict:true": "test/language/expressions/class/cpn-class-expr-accessors-computed-property-name-from-integer-separators.js: SyntaxError: test/language/expressions/class/cpn-class-expr-accessors-computed-property-name-from-integer-separators.js: Identifier directly after number (40:8)\n  38 | \n  39 | let C = class ***REMOVED***\n> 40 |   get [1_2_3_4_5_6_7_8]() ***REMOVED***\n     |         ^\n  41 |     return 1_2_3_4_5_6_7_8;\n  42 |   ***REMOVED***\n  43 |  <at omitted>",
  "test/language/expressions/class/cpn-class-expr-computed-property-name-from-integer-separators.js-strict:true": "test/language/expressions/class/cpn-class-expr-computed-property-name-from-integer-separators.js: SyntaxError: test/language/expressions/class/cpn-class-expr-computed-property-name-from-integer-separators.js: Identifier directly after number (40:4)\n  38 | \n  39 | let C = class ***REMOVED***\n> 40 |   [1_2_3_4_5_6_7_8]() ***REMOVED***\n     |     ^\n  41 |     return 1_2_3_4_5_6_7_8;\n  42 |   ***REMOVED***\n  43 |   static [1_2_3_4_5_6_7_8]() ***REMOVED*** <at omitted>",
  "test/language/expressions/class/cpn-class-expr-fields-computed-property-name-from-integer-separators.js-strict:true": "test/language/expressions/class/cpn-class-expr-fields-computed-property-name-from-integer-separators.js: SyntaxError: test/language/expressions/class/cpn-class-expr-fields-computed-property-name-from-integer-separators.js: Identifier directly after number (40:4)\n  38 | \n  39 | let C = class ***REMOVED***\n> 40 |   [1_2_3_4_5_6_7_8] = 1_2_3_4_5_6_7_8;\n     |     ^\n  41 | \n  42 |   static [1_2_3_4_5_6_7_8] = 1_2_3_4_5_6_7_8;\n  43 | ***REMOVED***; <at omitted>",
  "test/language/expressions/class/cpn-class-expr-fields-methods-computed-property-name-from-integer-separators.js-strict:true": "test/language/expressions/class/cpn-class-expr-fields-methods-computed-property-name-from-integer-separators.js: SyntaxError: test/language/expressions/class/cpn-class-expr-fields-methods-computed-property-name-from-integer-separators.js: Identifier directly after number (40:4)\n  38 | \n  39 | let C = class ***REMOVED***\n> 40 |   [1_2_3_4_5_6_7_8] = () => ***REMOVED***\n     |     ^\n  41 |     return 1_2_3_4_5_6_7_8;\n  42 |   ***REMOVED***;\n  43 |  <at omitted>",
  "test/language/expressions/class/elements/class-name-static-initializer-default-export.js-strict:true": "test/language/expressions/class/elements/class-name-static-initializer-default-export.js: SyntaxError: test/language/expressions/class/elements/class-name-static-initializer-default-export.js: Unexpected token (25:13)\n  23 | \n  24 | export default class ***REMOVED***\n> 25 |     static f = (className = this.name);\n     |              ^\n  26 | ***REMOVED***\n  27 | \n  28 | assert.sameValue(className, \"default\"); <at omitted>",
  "test/language/expressions/class/elements/private-getter-is-not-a-own-property.js-strict:true": "test/language/expressions/class/elements/private-getter-is-not-a-own-property.js: TypeError: Object has no member '__lookupGetter__' <at omitted>",
  "test/language/expressions/class/elements/private-setter-is-not-a-own-property.js-strict:true": "test/language/expressions/class/elements/private-setter-is-not-a-own-property.js: TypeError: Object has no member '__lookupSetter__' <at omitted>",
  "test/language/expressions/class/heritage-arrow-function.js-strict:true": "test/language/expressions/class/heritage-arrow-function.js: test/language/expressions/class/heritage-arrow-function.js: Line 30:36 Unexpected token => (and 4 more errors)",
  "test/language/expressions/new.target/escaped-new.js-strict:true": "test/language/expressions/new.target/escaped-new.js: error is not an object (Test262: This statement should not be evaluated.)",
  "test/language/expressions/new.target/escaped-target.js-strict:true": "test/language/expressions/new.target/escaped-target.js: error is not an object (Test262: This statement should not be evaluated.)",
  "test/language/expressions/object/cpn-obj-lit-computed-property-name-from-integer-separators.js-strict:true": "test/language/expressions/object/cpn-obj-lit-computed-property-name-from-integer-separators.js: SyntaxError: test/language/expressions/object/cpn-obj-lit-computed-property-name-from-integer-separators.js: Identifier directly after number (29:4)\n  27 | \n  28 | let o = ***REMOVED***\n> 29 |   [1_2_3_4_5_6_7_8]: 1_2_3_4_5_6_7_8\n     |     ^\n  30 | ***REMOVED***;\n  31 | \n  32 | assert.sameValue( <at omitted>",
  "test/language/expressions/object/method-definition/escaped-get-e.js-strict:true": "test/language/expressions/object/method-definition/escaped-get-e.js: error is not an object (Test262: This statement should not be evaluated.)",
  "test/language/expressions/object/method-definition/escaped-get-g.js-strict:true": "test/language/expressions/object/method-definition/escaped-get-g.js: error is not an object (Test262: This statement should not be evaluated.)",
  "test/language/expressions/object/method-definition/escaped-get-t.js-strict:true": "test/language/expressions/object/method-definition/escaped-get-t.js: error is not an object (Test262: This statement should not be evaluated.)",
  "test/language/expressions/object/method-definition/escaped-get.js-strict:true": "test/language/expressions/object/method-definition/escaped-get.js: error is not an object (Test262: This statement should not be evaluated.)",
  "test/language/expressions/object/method-definition/escaped-set-e.js-strict:true": "test/language/expressions/object/method-definition/escaped-set-e.js: error is not an object (Test262: This statement should not be evaluated.)",
  "test/language/expressions/object/method-definition/escaped-set-s.js-strict:true": "test/language/expressions/object/method-definition/escaped-set-s.js: error is not an object (Test262: This statement should not be evaluated.)",
  "test/language/expressions/object/method-definition/escaped-set-t.js-strict:true": "test/language/expressions/object/method-definition/escaped-set-t.js: error is not an object (Test262: This statement should not be evaluated.)",
  "test/language/expressions/object/method-definition/escaped-set.js-strict:true": "test/language/expressions/object/method-definition/escaped-set.js: error is not an object (Test262: This statement should not be evaluated.)",
  "test/language/expressions/object/method-definition/object-method-returns-promise.js-strict:true": "test/language/expressions/object/method-definition/object-method-returns-promise.js: test/language/expressions/object/method-definition/object-method-returns-promise.js: Line 12:9 Unexpected identifier (and 4 more errors)",
  "test/language/expressions/optional-chaining/member-expression.js-strict:true": "test/language/expressions/optional-chaining/member-expression.js: SyntaxError: test/language/expressions/optional-chaining/member-expression.js: Unexpected token (18:23)\n  16 | //   IdentifierReference\n  17 | const a = ***REMOVED***b: 22***REMOVED***;\n> 18 | assert.sameValue(22, a?.b);\n     |                        ^\n  19 | //   this\n  20 | function fn () ***REMOVED***\n  21 |   return this?.a <at omitted>",
  "test/language/identifiers/part-unicode-14.0.0-escaped.js-strict:true": "test/language/identifiers/part-unicode-14.0.0-escaped.js: SyntaxError: test/language/identifiers/part-unicode-14.0.0-escaped.js: Invalid Unicode escape (17:5)\n  15 | ---*/\n  16 | \n> 17 | var _\\u0898\\u0899\\u089A\\u089B\\u089C\\u089D\\u089E\\u089F\\u08CA\\u08CB\\u08CC\\u08CD\\u08CE\\u08CF\\u08D0\\u08D1\\u08D2\\u0C3C\\u1715\\u180F\\u1AC1\\u1AC2\\u1AC3\\u1AC4\\u1AC5\\u1AC6\\u1AC7\\u1AC8\\u1AC9\\u1ACA\\u1ACB\\u1ACC\\u1ACD\\u1ACE\\u1DFA\\u***REMOVED***10F82***REMOVED***\\u***REMOVED***10F83***REMOVED***\\u***REMOVED***10F84***REMOVED***\\u***REMOVED***10F85***REMOVED***\\u***REMOVED***11070***REMOVED***\\u***REMOVED***11073***REMOVED***\\u***REMOVED***11074***REMOVED***\\u***REMOVED***110C2***REMOVED***\\u***REMOVED***16AC0***REMOVED***\\u***REMOVED***16AC1***REMOVED***\\u***REMOVED***16AC2***REMOVED***\\u***REMOVED***16AC3***REMOVED***\\u***REMOVED***16AC4***REMOVED***\\u***REMOVED***16AC5***REMOVED***\\u***REMOVED***16AC6***REMOVED***\\u***REMOVED***16AC7***REMOVED***\\u***REMOVED***16AC8***REMOVED***\\u***REMOVED***16AC9***REMOVED***\\u***REMOVED***1CF00***REMOVED***\\u***REMOVED***1CF01***REMOVED***\\u***REMOVED***1CF02***REMOVED***\\u***REMOVED***1CF03***REMOVED***\\u***REMOVED***1CF04***REMOVED***\\u***REMOVED***1CF05***REMOVED***\\u***REMOVED***1CF06***REMOVED***\\u***REMOVED***1CF07***REMOVED***\\u***REMOVED***1CF08***REMOVED***\\u***REMOVED***1CF09***REMOVED***\\u***REMOVED***1CF0A***REMOVED***\\u***REMOVED***1CF0B***REMOVED***\\u***REMOVED***1CF0C***REMOVED***\\u***REMOVED***1CF0D***REMOVED***\\u***REMOVED***1CF0E***REMOVED***\\u***REMOVED***1CF0F***REMOVED***\\u***REMOVED***1CF10***REMOVED***\\u***REMOVED***1CF11***REMOVED***\\u***REMOVED***1CF12***REMOVED***\\u***REMOVED***1CF13***REMOVED***\\u***REMOVED***1CF14***REMOVED***\\u***REMOVED***1CF15***REMOVED***\\u***REMOVED***1CF16***REMOVED***\\u***REMOVED***1CF17***REMOVED***\\u***REMOVED***1CF18***REMOVED***\\u***REMOVED***1CF19***REMOVED***\\u***REMOVED***1CF1A***REMOVED***\\u***REMOVED***1CF1B***REMOVED***\\u***REMOVED***1CF1C***REMOVED***\\u***REMOVED***1CF1D***REMOVED***\\u***REMOVED***1CF1E***REMOVED***\\u***REMOVED***1CF1F***REMOVED***\\u***REMOVED***1CF20***REMOVED***\\u***REMOVED***1CF21***REMOVED***\\u***REMOVED***1CF22***REMOVED***\\u***REMOVED***1CF23***REMOVED***\\u***REMOVED***1CF24***REMOVED***\\u***REMOVED***1CF25***REMOVED***\\u***REMOVED***1CF26***REMOVED***\\u***REMOVED***1CF27***REMOVED***\\u***REMOVED***1CF28***REMOVED***\\u***REMOVED***1CF29***REMOVED***\\u***REMOVED***1CF2A***REMOVED***\\u***REMOVED***1CF2B***REMOVED***\\u***REMOVED***1CF2C***REMOVED***\\u***REMOVED***1CF2D***REMOVED***\\u***REMOVED***1CF30***REMOVED***\\u***REMOVED***1CF31***REMOVED***\\u***REMOVED***1CF32***REMOVED***\\u***REMOVED***1CF33***REMOVED***\\u***REMOVED***1CF34***REMOVED***\\u***REMOVED***1CF35***REMOVED***\\u***REMOVED***1CF36***REMOVED***\\u***REMOVED***1CF37***REMOVED***\\u***REMOVED***1CF38***REMOVED***\\u***REMOVED***1CF39***REMOVED***\\u***REMOVED***1CF3A***REMOVED***\\u***REMOVED***1CF3B***REMOVED***\\u***REMOVED***1CF3C***REMOVED***\\u***REMOVED***1CF3D***REMOVED***\\u***REMOVED***1CF3E***REMOVED***\\u***REMOVED***1CF3F***REMOVED***\\u***REMOVED***1CF40***REMOVED***\\u***REMOVED***1CF41***REMOVED***\\u***REMOVED***1CF42***REMOVED***\\u***REMOVED***1CF43***REMOVED***\\u***REMOVED***1CF44***REMOVED***\\u***REMOVED***1CF45***REMOVED***\\u***REMOVED***1CF46***REMOVED***\\u***REMOVED***1E2AE***REMOVED***;\n     |      ^\n  18 |  <at omitted>",
  "test/language/identifiers/part-unicode-14.0.0.js-strict:true": "test/language/identifiers/part-unicode-14.0.0.js: SyntaxError: test/language/identifiers/part-unicode-14.0.0.js: Unexpected character 'à¢˜' (15:5)\n  13 | ---*/\n  14 | \n> 15 | var _à¢˜à¢™à¢šà¢›à¢œà¢à¢à¢Ÿà£Šà£‹à£Œà£à£à£à£à£‘à£’à°¼áœ•á á«á«‚á«ƒá«„á«…á«†á«‡á«ˆá«‰á«Šá«‹á«Œá«á«á·ºğ¾‚ğ¾ƒğ¾„ğ¾…ğ‘°ğ‘³ğ‘´ğ‘ƒ‚ğ–«€ğ–«ğ–«‚ğ–«ƒğ–«„ğ–«…ğ–«†ğ–«‡ğ–«ˆğ–«‰ğœ¼€ğœ¼ğœ¼‚ğœ¼ƒğœ¼„ğœ¼…ğœ¼†ğœ¼‡ğœ¼ˆğœ¼‰ğœ¼Šğœ¼‹ğœ¼Œğœ¼ğœ¼ğœ¼ğœ¼ğœ¼‘ğœ¼’ğœ¼“ğœ¼”ğœ¼•ğœ¼–ğœ¼—ğœ¼˜ğœ¼™ğœ¼šğœ¼›ğœ¼œğœ¼ğœ¼ğœ¼Ÿğœ¼ ğœ¼¡ğœ¼¢ğœ¼£ğœ¼¤ğœ¼¥ğœ¼¦ğœ¼§ğœ¼¨ğœ¼©ğœ¼ªğœ¼«ğœ¼¬ğœ¼­ğœ¼°ğœ¼±ğœ¼²ğœ¼³ğœ¼´ğœ¼µğœ¼¶ğœ¼·ğœ¼¸ğœ¼¹ğœ¼ºğœ¼»ğœ¼¼ğœ¼½ğœ¼¾ğœ¼¿ğœ½€ğœ½ğœ½‚ğœ½ƒğœ½„ğœ½…ğœ½†ğŠ®;\n     |      ^\n  16 |  <at omitted>",
  "test/language/literals/numeric/non-octal-decimal-integer.js-strict:false": "test/language/literals/numeric/non-octal-decimal-integer.js: SyntaxError: test/language/literals/numeric/non-octal-decimal-integer.js: Invalid number (28:17)\n  26 | // NonOctalDecimalIntegerLiteral ::\n  27 | //   0 NonOctalDigit\n> 28 | assert.sameValue(08, 8, '08');\n     |                  ^\n  29 | assert.sameValue(09, 9, '09');\n  30 | \n  31 | // NonOctalDecimalIntegerLiteral :: <at omitted>",
  "test/language/literals/regexp/S7.8.5_A1.1_T2.js-strict:true": "test/language/literals/regexp/S7.8.5_A1.1_T2.js: Test262Error: Code unit: d800 Expected SameValue(Â«\\ud800Â», Â«ï¿½Â») to be true <at omitted>",
  "test/language/literals/regexp/S7.8.5_A1.4_T2.js-strict:true": "test/language/literals/regexp/S7.8.5_A1.4_T2.js: Test262Error: Code unit: d800 Expected SameValue(Â«\\\\\\ud800Â», Â«\\ï¿½Â») to be true <at omitted>",
  "test/language/literals/regexp/S7.8.5_A2.1_T2.js-strict:true": "test/language/literals/regexp/S7.8.5_A2.1_T2.js: Test262Error: Code unit: d800 Expected SameValue(Â«nnnn\\ud800Â», Â«nnnnï¿½Â») to be true <at omitted>",
  "test/language/literals/regexp/S7.8.5_A2.4_T2.js-strict:true": "test/language/literals/regexp/S7.8.5_A2.4_T2.js: Test262Error: Code unit: d800 Expected SameValue(Â«a\\\\\\ud800Â», Â«a\\ï¿½Â») to be true <at omitted>",
  "test/language/literals/regexp/early-err-flags-unicode-escape.js-strict:true": "test/language/literals/regexp/early-err-flags-unicode-escape.js: error is not an object (Test262: This statement should not be evaluated.)",
  "test/language/literals/regexp/invalid-optional-lookbehind.js-strict:true": "test/language/literals/regexp/invalid-optional-lookbehind.js: error is not an object (Test262: This statement should not be evaluated.)",
  "test/language/literals/regexp/invalid-optional-negative-lookbehind.js-strict:true": "test/language/literals/regexp/invalid-optional-negative-lookbehind.js: error is not an object (Test262: This statement should not be evaluated.)",
  "test/language/literals/regexp/invalid-range-lookbehind.js-strict:true": "test/language/literals/regexp/invalid-range-lookbehind.js: error is not an object (Test262: This statement should not be evaluated.)",
  "test/language/literals/regexp/invalid-range-negative-lookbehind.js-strict:true": "test/language/literals/regexp/invalid-range-negative-lookbehind.js: error is not an object (Test262: This statement should not be evaluated.)",
  "test/language/literals/regexp/u-case-mapping.js-strict:true": "test/language/literals/regexp/u-case-mapping.js: Test262Error: Case mapping is not applied in the absence of the `u` flag Expected SameValue(Â«trueÂ», Â«falseÂ») to be true <at omitted>",
  "test/language/literals/regexp/u-invalid-class-escape.js-strict:true": "test/language/literals/regexp/u-invalid-class-escape.js: error is not an object (Test262: This statement should not be evaluated.)",
  "test/language/literals/regexp/u-invalid-extended-pattern-char.js-strict:true": "test/language/literals/regexp/u-invalid-extended-pattern-char.js: error is not an object (Test262: This statement should not be evaluated.)",
  "test/language/literals/regexp/u-invalid-identity-escape.js-strict:true": "test/language/literals/regexp/u-invalid-identity-escape.js: error is not an object (Test262: This statement should not be evaluated.)",
  "test/language/literals/regexp/u-invalid-legacy-octal-escape.js-strict:true": "test/language/literals/regexp/u-invalid-legacy-octal-escape.js: error is not an object (Test262: This statement should not be evaluated.)",
  "test/language/literals/regexp/u-invalid-non-empty-class-ranges-no-dash-a.js-strict:true": "test/language/literals/regexp/u-invalid-non-empty-class-ranges-no-dash-a.js: error is not an object (Test262: This statement should not be evaluated.)",
  "test/language/literals/regexp/u-invalid-oob-decimal-escape.js-strict:true": "test/language/literals/regexp/u-invalid-oob-decimal-escape.js: error is not an object (Test262: This statement should not be evaluated.)",
  "test/language/literals/regexp/u-invalid-optional-lookahead.js-strict:true": "test/language/literals/regexp/u-invalid-optional-lookahead.js: error is not an object (Test262: This statement should not be evaluated.)",
  "test/language/literals/regexp/u-invalid-optional-lookbehind.js-strict:true": "test/language/literals/regexp/u-invalid-optional-lookbehind.js: error is not an object (Test262: This statement should not be evaluated.)",
  "test/language/literals/regexp/u-invalid-optional-negative-lookahead.js-strict:true": "test/language/literals/regexp/u-invalid-optional-negative-lookahead.js: error is not an object (Test262: This statement should not be evaluated.)",
  "test/language/literals/regexp/u-invalid-optional-negative-lookbehind.js-strict:true": "test/language/literals/regexp/u-invalid-optional-negative-lookbehind.js: error is not an object (Test262: This statement should not be evaluated.)",
  "test/language/literals/regexp/u-invalid-range-lookahead.js-strict:true": "test/language/literals/regexp/u-invalid-range-lookahead.js: error is not an object (Test262: This statement should not be evaluated.)",
  "test/language/literals/regexp/u-invalid-range-lookbehind.js-strict:true": "test/language/literals/regexp/u-invalid-range-lookbehind.js: error is not an object (Test262: This statement should not be evaluated.)",
  "test/language/literals/regexp/u-invalid-range-negative-lookahead.js-strict:true": "test/language/literals/regexp/u-invalid-range-negative-lookahead.js: error is not an object (Test262: This statement should not be evaluated.)",
  "test/language/literals/regexp/u-invalid-range-negative-lookbehind.js-strict:true": "test/language/literals/regexp/u-invalid-range-negative-lookbehind.js: error is not an object (Test262: This statement should not be evaluated.)",
  "test/language/literals/regexp/u-unicode-esc-non-hex.js-strict:true": "test/language/literals/regexp/u-unicode-esc-non-hex.js: error is not an object (Test262: This statement should not be evaluated.)",
  "test/language/literals/string/S7.8.4_A4.3_T1.js-strict:true": "test/language/literals/string/S7.8.4_A4.3_T1.js: error is not an object (Test262: This statement should not be evaluated.)",
  "test/language/literals/string/S7.8.4_A4.3_T2.js-strict:true": "test/language/literals/string/S7.8.4_A4.3_T2.js: error is not an object (Test262: This statement should not be evaluated.)",
  "test/language/statements/class/cpn-class-decl-accessors-computed-property-name-from-integer-separators.js-strict:true": "test/language/statements/class/cpn-class-decl-accessors-computed-property-name-from-integer-separators.js: SyntaxError: test/language/statements/class/cpn-class-decl-accessors-computed-property-name-from-integer-separators.js: Identifier directly after number (40:8)\n  38 | \n  39 | class C ***REMOVED***\n> 40 |   get [1_2_3_4_5_6_7_8]() ***REMOVED***\n     |         ^\n  41 |     return 1_2_3_4_5_6_7_8;\n  42 |   ***REMOVED***\n  43 |  <at omitted>",
  "test/language/statements/class/cpn-class-decl-computed-property-name-from-integer-separators.js-strict:true": "test/language/statements/class/cpn-class-decl-computed-property-name-from-integer-separators.js: SyntaxError: test/language/statements/class/cpn-class-decl-computed-property-name-from-integer-separators.js: Identifier directly after number (40:4)\n  38 | \n  39 | class C ***REMOVED***\n> 40 |   [1_2_3_4_5_6_7_8]() ***REMOVED***\n     |     ^\n  41 |     return 1_2_3_4_5_6_7_8;\n  42 |   ***REMOVED***\n  43 |   static [1_2_3_4_5_6_7_8]() ***REMOVED*** <at omitted>",
  "test/language/statements/class/cpn-class-decl-fields-computed-property-name-from-integer-separators.js-strict:true": "test/language/statements/class/cpn-class-decl-fields-computed-property-name-from-integer-separators.js: SyntaxError: test/language/statements/class/cpn-class-decl-fields-computed-property-name-from-integer-separators.js: Identifier directly after number (40:4)\n  38 | \n  39 | let C = class ***REMOVED***\n> 40 |   [1_2_3_4_5_6_7_8] = 1_2_3_4_5_6_7_8;\n     |     ^\n  41 | \n  42 |   static [1_2_3_4_5_6_7_8] = 1_2_3_4_5_6_7_8;\n  43 | ***REMOVED***; <at omitted>",
  "test/language/statements/class/cpn-class-decl-fields-methods-computed-property-name-from-integer-separators.js-strict:true": "test/language/statements/class/cpn-class-decl-fields-methods-computed-property-name-from-integer-separators.js: SyntaxError: test/language/statements/class/cpn-class-decl-fields-methods-computed-property-name-from-integer-separators.js: Identifier directly after number (40:4)\n  38 | \n  39 | let C = class ***REMOVED***\n> 40 |   [1_2_3_4_5_6_7_8] = () => ***REMOVED***\n     |     ^\n  41 |     return 1_2_3_4_5_6_7_8;\n  42 |   ***REMOVED***;\n  43 |  <at omitted>",
  "test/language/statements/class/elements/private-getter-is-not-a-own-property.js-strict:true": "test/language/statements/class/elements/private-getter-is-not-a-own-property.js: TypeError: Object has no member '__lookupGetter__' <at omitted>",
  "test/language/statements/class/elements/private-setter-is-not-a-own-property.js-strict:true": "test/language/statements/class/elements/private-setter-is-not-a-own-property.js: TypeError: Object has no member '__lookupSetter__' <at omitted>",
  "test/language/statements/class/syntax/escaped-static.js-strict:true": "test/language/statements/class/syntax/escaped-static.js: error is not an object (Test262: This statement should not be evaluated.)",
  "test/language/statements/for-in/dstr/array-rest-before-elision.js-strict:true": "test/language/statements/for-in/dstr/array-rest-before-elision.js: error is not an object (Test262: This statement should not be evaluated.)",
  "test/language/statements/for-in/dstr/array-rest-elision-invalid.js-strict:true": "test/language/statements/for-in/dstr/array-rest-elision-invalid.js: error is not an object (Test262: This statement should not be evaluated.)",
  "test/language/statements/for-of/dstr/array-rest-before-elision.js-strict:true": "test/language/statements/for-of/dstr/array-rest-before-elision.js: error is not an object (Test262: This statement should not be evaluated.)",
  "test/language/statements/for-of/dstr/array-rest-elision-invalid.js-strict:true": "test/language/statements/for-of/dstr/array-rest-elision-invalid.js: error is not an object (Test262: This statement should not be evaluated.)",
  "test/language/statements/for-of/escaped-of.js-strict:true": "test/language/statements/for-of/escaped-of.js: error is not an object (Test262: This statement should not be evaluated.)",
  "test/language/statements/for-of/head-decl-no-expr.js-strict:true": "test/language/statements/for-of/head-decl-no-expr.js: error is not an object (Test262: This statement should not be evaluated.)",
  "test/language/statements/for-of/head-expr-no-expr.js-strict:true": "test/language/statements/for-of/head-expr-no-expr.js: error is not an object (Test262: This statement should not be evaluated.)",
  "test/language/statements/for-of/head-var-no-expr.js-strict:true": "test/language/statements/for-of/head-var-no-expr.js: error is not an object (Test262: This statement should not be evaluated.)",
  "test/language/white-space/mongolian-vowel-separator.js-strict:true": "test/language/white-space/mongolian-vowel-separator.js: error is not an object (Test262: This statement should not be evaluated.)"
***REMOVED***
